[35m[Appium][39m Welcome to Appium v1.22.3
[35m[Appium][39m Non-default server args:
[35m[Appium][39m   port: 56637
[35m[Appium][39m   loglevel: info
[35m[Appium][39m   tmpDir: C:\Users\191060\AppData\Local\Temp\\Katalon\Appium\Temp1679475483471
[35m[Appium][39m   chromedriverPort: 56638
[35m[Appium][39m Deprecated server args:
[35m[Appium][39m   [31m--chromedriver-port[39m => --default-capabilities
[35m[Appium][39m Default capabilities, which will be added to each request unless overridden by desired capabilities:
[35m[Appium][39m   chromedriverPort: 56638
[35m[Appium][39m Appium REST http interface listener started on 0.0.0.0:56637
[35m[HTTP][39m [37m-->[39m [37mGET[39m [37m/wd/hub/status[39m
[35m[HTTP][39m [90m{}[39m
[35m[HTTP][39m [37m<-- GET /wd/hub/status [39m[32m200[39m [90m6 ms - 68[39m
[35m[HTTP][39m [90m[39m
[35m[HTTP][39m [37m-->[39m [37mGET[39m [37m/wd/hub/status[39m
[35m[HTTP][39m [90m{}[39m
[35m[HTTP][39m [37m<-- GET /wd/hub/status [39m[32m200[39m [90m1 ms - 68[39m
[35m[HTTP][39m [90m[39m
[35m[HTTP][39m [37m-->[39m [37mPOST[39m [37m/wd/hub/session[39m
[35m[HTTP][39m [90m{"desiredCapabilities":{"appPackage":"com.android.settings","deviceId":"43833eb4","deviceName":"emulator-5556 (Android SDK built for x86 - Android 11)","platform":"ANDROID","appActivity":".Settings","MobileEmulation":{"deviceName":"Nexus 5"},"newCommandTimeout":1800,"platformVersion":"11","automationName":"uiautomator2","autoGrantPermissions":true,"platformName":"Android","udid":"emulator-5556","systemPort":8288},"capabilities":{"firstMatch":[{"MobileEmulation":{"deviceName":"Nexus 5"},"appium:appActivity":".Settings","appium:appPackage":"com.android.settings","appium:autoGrantPermissions":true,"appium:automationName":"uiautomator2","deviceId":"43833eb4","appium:deviceName":"emulator-5556 (Android SDK built for x86 - Android 11)","appium:newCommandTimeout":1800,"platform":"ANDROID","platformName":"android","appium:platformVersion":"11","appium:systemPort":8288,"appium:udid":"emulator-5556"}]}}[39m
[35m[BaseDriver][39m The following capabilities are not standard capabilities and should have an extension prefix:
[35m[BaseDriver][39m   MobileEmulation
[35m[BaseDriver][39m   deviceId
[35m[BaseDriver][39m   platform
[35m[BaseDriver][39m   chromedriverPort
[35m[Appium][39m Appium v1.22.3 creating new AndroidUiautomator2Driver (v1.70.1) session
[35m[BaseDriver][39m The following capabilities were provided, but are not recognized by Appium:
[35m[BaseDriver][39m   MobileEmulation
[35m[BaseDriver][39m   deviceId
[35m[BaseDriver][39m   platform
[35m[BaseDriver][39m Session created with session id: 11cf19d1-7adf-48fc-b300-d5b0fd1141bc
[35m[UiAutomator2][39m Starting 'com.android.settings' directly on the device
[35m[ADB][39m Found 1 'build-tools' folders under 'C:\android-sdk-windows' (newest first):
[35m[ADB][39m     C:/android-sdk-windows/build-tools/29.0.3
[35m[ADB][39m Using 'adb.exe' from 'C:\android-sdk-windows\platform-tools\adb.exe'
[35m[AndroidDriver][39m Retrieving device list
[35m[AndroidDriver][39m Using device: emulator-5556
[35m[ADB][39m Using 'adb.exe' from 'C:\android-sdk-windows\platform-tools\adb.exe'
[35m[ADB][39m Getting device platform version
[35m[UiAutomator2][39m Relaxing hidden api policy
[35m[AndroidDriver][39m No app sent in, not parsing package/activity
[35m[ADB][39m Using 'apksigner.jar' from 'C:\android-sdk-windows\build-tools\29.0.3\lib\apksigner.jar'
[35m[ADB][39m 'C:\node-v12.6.0-win-x64\node-v12.6.0-win-x64\node_modules\appium\node_modules\appium-uiautomator2-server\apks\appium-uiautomator2-server-v4.27.0.apk' is signed with the default certificate
[35m[ADB][39m 'C:\node-v12.6.0-win-x64\node-v12.6.0-win-x64\node_modules\appium\node_modules\appium-uiautomator2-server\apks\appium-uiautomator2-server-debug-androidTest.apk' is signed with the default certificate
[35m[UiAutomator2][39m Server packages are not going to be (re)installed
[35m[ADB][39m Adding packages ["io.appium.settings","io.appium.uiautomator2.server","io.appium.uiautomator2.server.test"] to Doze whitelist
[35m[UiAutomator2][39m Starting UIAutomator2 server 4.27.0
[35m[UiAutomator2][39m Using UIAutomator2 server from 'C:\node-v12.6.0-win-x64\node-v12.6.0-win-x64\node_modules\appium\node_modules\appium-uiautomator2-server\apks\appium-uiautomator2-server-v4.27.0.apk' and test from 'C:\node-v12.6.0-win-x64\node-v12.6.0-win-x64\node_modules\appium\node_modules\appium-uiautomator2-server\apks\appium-uiautomator2-server-debug-androidTest.apk'
[35m[UiAutomator2][39m Waiting up to 30000ms for UiAutomator2 to be online...
[35m[WD Proxy][39m socket hang up
[35m[WD Proxy][39m socket hang up
[35m[WD Proxy][39m Determined the downstream protocol as 'W3C'
[35m[AndroidDriver][39m Screen already unlocked, doing nothing
[35m[UiAutomator2][39m Starting 'com.android.settings/.Settings and waiting for 'com.android.settings/.Settings'
[35m[Appium][39m New AndroidUiautomator2Driver session created successfully, session 11cf19d1-7adf-48fc-b300-d5b0fd1141bc added to master session list
[35m[HTTP][39m [37m<-- POST /wd/hub/session [39m[32m200[39m [90m8388 ms - 1338[39m
[35m[HTTP][39m [90m[39m
[35m[HTTP][39m [37m-->[39m [37mGET[39m [37m/wd/hub/session/11cf19d1-7adf-48fc-b300-d5b0fd1141bc[39m
[35m[HTTP][39m [90m{}[39m
[35m[HTTP][39m [37m<-- GET /wd/hub/session/11cf19d1-7adf-48fc-b300-d5b0fd1141bc [39m[32m200[39m [90m11 ms - 1292[39m
[35m[HTTP][39m [90m[39m
[35m[HTTP][39m [37m-->[39m [37mGET[39m [37m/wd/hub/session/11cf19d1-7adf-48fc-b300-d5b0fd1141bc[39m
[35m[HTTP][39m [90m{}[39m
[35m[HTTP][39m [37m<-- GET /wd/hub/session/11cf19d1-7adf-48fc-b300-d5b0fd1141bc [39m[32m200[39m [90m16 ms - 1292[39m
[35m[HTTP][39m [90m[39m
[35m[HTTP][39m [37m-->[39m [37mGET[39m [37m/wd/hub/status[39m
[35m[HTTP][39m [90m{}[39m
[35m[HTTP][39m [37m<-- GET /wd/hub/status [39m[32m200[39m [90m1 ms - 68[39m
[35m[HTTP][39m [90m[39m
[35m[HTTP][39m [37m-->[39m [37mPOST[39m [37m/wd/hub/session/11cf19d1-7adf-48fc-b300-d5b0fd1141bc/timeouts[39m
[35m[HTTP][39m [90m{"implicit":60000}[39m
[35m[HTTP][39m [37m<-- POST /wd/hub/session/11cf19d1-7adf-48fc-b300-d5b0fd1141bc/timeouts [39m[32m200[39m [90m7 ms - 14[39m
[35m[HTTP][39m [90m[39m
[35m[HTTP][39m [37m-->[39m [37mGET[39m [37m/wd/hub/session/11cf19d1-7adf-48fc-b300-d5b0fd1141bc/screenshot[39m
[35m[HTTP][39m [90m{}[39m
[35m[HTTP][39m [37m<-- GET /wd/hub/session/11cf19d1-7adf-48fc-b300-d5b0fd1141bc/screenshot [39m[32m200[39m [90m403 ms - 315276[39m
[35m[HTTP][39m [90m[39m
[35m[HTTP][39m [37m-->[39m [37mGET[39m [37m/wd/hub/session/11cf19d1-7adf-48fc-b300-d5b0fd1141bc/window/rect[39m
[35m[HTTP][39m [90m{}[39m
[35m[HTTP][39m [37m<-- GET /wd/hub/session/11cf19d1-7adf-48fc-b300-d5b0fd1141bc/window/rect [39m[32m200[39m [90m41 ms - 50[39m
[35m[HTTP][39m [90m[39m
[35m[HTTP][39m [37m-->[39m [37mGET[39m [37m/wd/hub/session/11cf19d1-7adf-48fc-b300-d5b0fd1141bc/appium/device/system_bars[39m
[35m[HTTP][39m [90m{}[39m
[35m[HTTP][39m [37m<-- GET /wd/hub/session/11cf19d1-7adf-48fc-b300-d5b0fd1141bc/appium/device/system_bars [39m[32m200[39m [90m102 ms - 149[39m
[35m[HTTP][39m [90m[39m
[35m[HTTP][39m [37m-->[39m [37mPOST[39m [37m/wd/hub/session/11cf19d1-7adf-48fc-b300-d5b0fd1141bc/appium/device/activate_app[39m
[35m[HTTP][39m [90m{"bundleId":"com.android.settings"}[39m
[35m[HTTP][39m [37m<-- POST /wd/hub/session/11cf19d1-7adf-48fc-b300-d5b0fd1141bc/appium/device/activate_app [39m[32m200[39m [90m344 ms - 14[39m
[35m[HTTP][39m [90m[39m
[35m[HTTP][39m [37m-->[39m [37mGET[39m [37m/wd/hub/session/11cf19d1-7adf-48fc-b300-d5b0fd1141bc/source[39m
[35m[HTTP][39m [90m{}[39m
[35m[W3C (11cf19d1)][39m Driver proxy active, passing request on via HTTP proxy
[35m[WD Proxy][39m Replacing sessionId 7e4b5b5b-3a47-413d-a408-2c60eafcc1df with 11cf19d1-7adf-48fc-b300-d5b0fd1141bc
[35m[HTTP][39m [37m<-- GET /wd/hub/session/11cf19d1-7adf-48fc-b300-d5b0fd1141bc/source [39m[32m200[39m [90m466 ms - 34072[39m
[35m[HTTP][39m [90m[39m
[35m[HTTP][39m [37m-->[39m [37mGET[39m [37m/wd/hub/session/11cf19d1-7adf-48fc-b300-d5b0fd1141bc/screenshot[39m
[35m[HTTP][39m [90m{}[39m
[35m[HTTP][39m [37m<-- GET /wd/hub/session/11cf19d1-7adf-48fc-b300-d5b0fd1141bc/screenshot [39m[32m200[39m [90m332 ms - 315206[39m
[35m[HTTP][39m [90m[39m
[35m[HTTP][39m [37m-->[39m [37mPOST[39m [37m/wd/hub/session/11cf19d1-7adf-48fc-b300-d5b0fd1141bc/elements[39m
[35m[HTTP][39m [90m{"using":"xpath","value":"//*[@class = 'android.widget.TextView' and (@text = 'Network & internet' or . = 'Network & internet') and @resource-id = 'android:id/title']"}[39m
[35m[HTTP][39m [37m<-- POST /wd/hub/session/11cf19d1-7adf-48fc-b300-d5b0fd1141bc/elements [39m[32m200[39m [90m607 ms - 139[39m
[35m[HTTP][39m [90m[39m
[35m[HTTP][39m [37m-->[39m [37mPOST[39m [37m/wd/hub/session/11cf19d1-7adf-48fc-b300-d5b0fd1141bc/elements[39m
[35m[HTTP][39m [90m{"using":"xpath","value":"//*[@class = 'android.widget.TextView' and (@text = 'Network & internet' or . = 'Network & internet') and @resource-id = 'android:id/title']"}[39m
[35m[HTTP][39m [37m<-- POST /wd/hub/session/11cf19d1-7adf-48fc-b300-d5b0fd1141bc/elements [39m[32m200[39m [90m156 ms - 139[39m
[35m[HTTP][39m [90m[39m
[35m[HTTP][39m [37m-->[39m [37mGET[39m [37m/wd/hub/session/11cf19d1-7adf-48fc-b300-d5b0fd1141bc/window/rect[39m
[35m[HTTP][39m [90m{}[39m
[35m[HTTP][39m [37m<-- GET /wd/hub/session/11cf19d1-7adf-48fc-b300-d5b0fd1141bc/window/rect [39m[32m200[39m [90m9 ms - 50[39m
[35m[HTTP][39m [90m[39m
[35m[HTTP][39m [37m-->[39m [37mPOST[39m [37m/wd/hub/session/11cf19d1-7adf-48fc-b300-d5b0fd1141bc/elements[39m
[35m[HTTP][39m [90m{"using":"xpath","value":"//*[@class = 'android.widget.TextView' and (@text = 'Network & internet' or . = 'Network & internet') and @resource-id = 'android:id/title']"}[39m
[35m[HTTP][39m [37m<-- POST /wd/hub/session/11cf19d1-7adf-48fc-b300-d5b0fd1141bc/elements [39m[32m200[39m [90m192 ms - 139[39m
[35m[HTTP][39m [90m[39m
[35m[HTTP][39m [37m-->[39m [37mGET[39m [37m/wd/hub/session/11cf19d1-7adf-48fc-b300-d5b0fd1141bc/element/00000000-0000-001a-ffff-ffff00000024/location[39m
[35m[HTTP][39m [90m{}[39m
[35m[W3C (11cf19d1)][39m Driver proxy active, passing request on via HTTP proxy
[35m[WD Proxy][39m Replacing sessionId 7e4b5b5b-3a47-413d-a408-2c60eafcc1df with 11cf19d1-7adf-48fc-b300-d5b0fd1141bc
[35m[HTTP][39m [37m<-- GET /wd/hub/session/11cf19d1-7adf-48fc-b300-d5b0fd1141bc/element/00000000-0000-001a-ffff-ffff00000024/location [39m[32m200[39m [90m21 ms - 78[39m
[35m[HTTP][39m [90m[39m
[35m[HTTP][39m [37m-->[39m [37mGET[39m [37m/wd/hub/session/11cf19d1-7adf-48fc-b300-d5b0fd1141bc/element/00000000-0000-001a-ffff-ffff00000024/text[39m
[35m[HTTP][39m [90m{}[39m
[35m[W3C (11cf19d1)][39m Driver proxy active, passing request on via HTTP proxy
[35m[WD Proxy][39m Replacing sessionId 7e4b5b5b-3a47-413d-a408-2c60eafcc1df with 11cf19d1-7adf-48fc-b300-d5b0fd1141bc
[35m[HTTP][39m [37m<-- GET /wd/hub/session/11cf19d1-7adf-48fc-b300-d5b0fd1141bc/element/00000000-0000-001a-ffff-ffff00000024/text [39m[32m200[39m [90m10 ms - 81[39m
[35m[HTTP][39m [90m[39m
[35m[HTTP][39m [37m-->[39m [37mGET[39m [37m/wd/hub/session/11cf19d1-7adf-48fc-b300-d5b0fd1141bc/source[39m
[35m[HTTP][39m [90m{}[39m
[35m[W3C (11cf19d1)][39m Driver proxy active, passing request on via HTTP proxy
[35m[WD Proxy][39m Replacing sessionId 7e4b5b5b-3a47-413d-a408-2c60eafcc1df with 11cf19d1-7adf-48fc-b300-d5b0fd1141bc
[35m[HTTP][39m [37m<-- GET /wd/hub/session/11cf19d1-7adf-48fc-b300-d5b0fd1141bc/source [39m[32m200[39m [90m138 ms - 34072[39m
[35m[HTTP][39m [90m[39m
[35m[HTTP][39m [37m-->[39m [37mGET[39m [37m/wd/hub/session/11cf19d1-7adf-48fc-b300-d5b0fd1141bc/screenshot[39m
[35m[HTTP][39m [90m{}[39m
[35m[HTTP][39m [37m<-- GET /wd/hub/session/11cf19d1-7adf-48fc-b300-d5b0fd1141bc/screenshot [39m[32m200[39m [90m290 ms - 315206[39m
[35m[HTTP][39m [90m[39m
[35m[HTTP][39m [37m-->[39m [37mPOST[39m [37m/wd/hub/session/11cf19d1-7adf-48fc-b300-d5b0fd1141bc/elements[39m
[35m[HTTP][39m [90m{"using":"xpath","value":"//*[@class = 'android.widget.TextView' and (@text = 'Display' or . = 'Display') and @resource-id = 'android:id/title']"}[39m
[35m[HTTP][39m [37m<-- POST /wd/hub/session/11cf19d1-7adf-48fc-b300-d5b0fd1141bc/elements [39m[32m200[39m [90m165 ms - 139[39m
[35m[HTTP][39m [90m[39m
[35m[HTTP][39m [37m-->[39m [37mGET[39m [37m/wd/hub/session/11cf19d1-7adf-48fc-b300-d5b0fd1141bc/window/rect[39m
[35m[HTTP][39m [90m{}[39m
[35m[HTTP][39m [37m<-- GET /wd/hub/session/11cf19d1-7adf-48fc-b300-d5b0fd1141bc/window/rect [39m[32m200[39m [90m14 ms - 50[39m
[35m[HTTP][39m [90m[39m
[35m[HTTP][39m [37m-->[39m [37mPOST[39m [37m/wd/hub/session/11cf19d1-7adf-48fc-b300-d5b0fd1141bc/elements[39m
[35m[HTTP][39m [90m{"using":"xpath","value":"//*[@class = 'android.widget.TextView' and (@text = 'Display' or . = 'Display') and @resource-id = 'android:id/title']"}[39m
[35m[HTTP][39m [37m<-- POST /wd/hub/session/11cf19d1-7adf-48fc-b300-d5b0fd1141bc/elements [39m[32m200[39m [90m131 ms - 139[39m
[35m[HTTP][39m [90m[39m
[35m[HTTP][39m [37m-->[39m [37mGET[39m [37m/wd/hub/session/11cf19d1-7adf-48fc-b300-d5b0fd1141bc/element/00000000-0000-001a-ffff-ffff00000040/location[39m
[35m[HTTP][39m [90m{}[39m
[35m[W3C (11cf19d1)][39m Driver proxy active, passing request on via HTTP proxy
[35m[WD Proxy][39m Replacing sessionId 7e4b5b5b-3a47-413d-a408-2c60eafcc1df with 11cf19d1-7adf-48fc-b300-d5b0fd1141bc
[35m[HTTP][39m [37m<-- GET /wd/hub/session/11cf19d1-7adf-48fc-b300-d5b0fd1141bc/element/00000000-0000-001a-ffff-ffff00000040/location [39m[32m200[39m [90m608 ms - 79[39m
[35m[HTTP][39m [90m[39m
[35m[HTTP][39m [37m-->[39m [37mPOST[39m [37m/wd/hub/session/11cf19d1-7adf-48fc-b300-d5b0fd1141bc/element/00000000-0000-001a-ffff-ffff00000040/click[39m
[35m[HTTP][39m [90m{"id":"00000000-0000-001a-ffff-ffff00000040"}[39m
[35m[HTTP][39m [37m<-- POST /wd/hub/session/11cf19d1-7adf-48fc-b300-d5b0fd1141bc/element/00000000-0000-001a-ffff-ffff00000040/click [39m[32m200[39m [90m58 ms - 14[39m
[35m[HTTP][39m [90m[39m
[35m[HTTP][39m [37m-->[39m [37mGET[39m [37m/wd/hub/session/11cf19d1-7adf-48fc-b300-d5b0fd1141bc/source[39m
[35m[HTTP][39m [90m{}[39m
[35m[W3C (11cf19d1)][39m Driver proxy active, passing request on via HTTP proxy
[35m[WD Proxy][39m Replacing sessionId 7e4b5b5b-3a47-413d-a408-2c60eafcc1df with 11cf19d1-7adf-48fc-b300-d5b0fd1141bc
[35m[HTTP][39m [37m<-- GET /wd/hub/session/11cf19d1-7adf-48fc-b300-d5b0fd1141bc/source [39m[32m200[39m [90m282 ms - 21991[39m
[35m[HTTP][39m [90m[39m
[35m[HTTP][39m [37m-->[39m [37mGET[39m [37m/wd/hub/session/11cf19d1-7adf-48fc-b300-d5b0fd1141bc/screenshot[39m
[35m[HTTP][39m [90m{}[39m
[35m[HTTP][39m [37m<-- GET /wd/hub/session/11cf19d1-7adf-48fc-b300-d5b0fd1141bc/screenshot [39m[32m200[39m [90m343 ms - 162344[39m
[35m[HTTP][39m [90m[39m
[35m[HTTP][39m [37m-->[39m [37mPOST[39m [37m/wd/hub/session/11cf19d1-7adf-48fc-b300-d5b0fd1141bc/elements[39m
[35m[HTTP][39m [90m{"using":"xpath","value":"//*[@class = 'android.widget.TextView' and (@text = 'Wallpaper' or . = 'Wallpaper') and @resource-id = 'android:id/title']"}[39m
[35m[HTTP][39m [37m<-- POST /wd/hub/session/11cf19d1-7adf-48fc-b300-d5b0fd1141bc/elements [39m[32m200[39m [90m102 ms - 139[39m
[35m[HTTP][39m [90m[39m
[35m[HTTP][39m [37m-->[39m [37mPOST[39m [37m/wd/hub/session/11cf19d1-7adf-48fc-b300-d5b0fd1141bc/elements[39m
[35m[HTTP][39m [90m{"using":"xpath","value":"//*[@class = 'android.widget.TextView' and (@text = 'Wallpaper' or . = 'Wallpaper') and @resource-id = 'android:id/title']"}[39m
[35m[HTTP][39m [37m<-- POST /wd/hub/session/11cf19d1-7adf-48fc-b300-d5b0fd1141bc/elements [39m[32m200[39m [90m72 ms - 139[39m
[35m[HTTP][39m [90m[39m
[35m[HTTP][39m [37m-->[39m [37mGET[39m [37m/wd/hub/session/11cf19d1-7adf-48fc-b300-d5b0fd1141bc/window/rect[39m
[35m[HTTP][39m [90m{}[39m
[35m[HTTP][39m [37m<-- GET /wd/hub/session/11cf19d1-7adf-48fc-b300-d5b0fd1141bc/window/rect [39m[32m200[39m [90m11 ms - 50[39m
[35m[HTTP][39m [90m[39m
[35m[HTTP][39m [37m-->[39m [37mPOST[39m [37m/wd/hub/session/11cf19d1-7adf-48fc-b300-d5b0fd1141bc/elements[39m
[35m[HTTP][39m [90m{"using":"xpath","value":"//*[@class = 'android.widget.TextView' and (@text = 'Wallpaper' or . = 'Wallpaper') and @resource-id = 'android:id/title']"}[39m
[35m[HTTP][39m [37m<-- POST /wd/hub/session/11cf19d1-7adf-48fc-b300-d5b0fd1141bc/elements [39m[32m200[39m [90m81 ms - 139[39m
[35m[HTTP][39m [90m[39m
[35m[HTTP][39m [37m-->[39m [37mGET[39m [37m/wd/hub/session/11cf19d1-7adf-48fc-b300-d5b0fd1141bc/element/00000000-0000-001c-ffff-ffff0000012d/location[39m
[35m[HTTP][39m [90m{}[39m
[35m[W3C (11cf19d1)][39m Driver proxy active, passing request on via HTTP proxy
[35m[WD Proxy][39m Replacing sessionId 7e4b5b5b-3a47-413d-a408-2c60eafcc1df with 11cf19d1-7adf-48fc-b300-d5b0fd1141bc
[35m[HTTP][39m [37m<-- GET /wd/hub/session/11cf19d1-7adf-48fc-b300-d5b0fd1141bc/element/00000000-0000-001c-ffff-ffff0000012d/location [39m[32m200[39m [90m18 ms - 78[39m
[35m[HTTP][39m [90m[39m
[35m[HTTP][39m [37m-->[39m [37mGET[39m [37m/wd/hub/session/11cf19d1-7adf-48fc-b300-d5b0fd1141bc/element/00000000-0000-001c-ffff-ffff0000012d/text[39m
[35m[HTTP][39m [90m{}[39m
[35m[W3C (11cf19d1)][39m Driver proxy active, passing request on via HTTP proxy
[35m[WD Proxy][39m Replacing sessionId 7e4b5b5b-3a47-413d-a408-2c60eafcc1df with 11cf19d1-7adf-48fc-b300-d5b0fd1141bc
[35m[HTTP][39m [37m<-- GET /wd/hub/session/11cf19d1-7adf-48fc-b300-d5b0fd1141bc/element/00000000-0000-001c-ffff-ffff0000012d/text [39m[32m200[39m [90m11 ms - 72[39m
[35m[HTTP][39m [90m[39m
[35m[HTTP][39m [37m-->[39m [37mGET[39m [37m/wd/hub/session/11cf19d1-7adf-48fc-b300-d5b0fd1141bc/source[39m
[35m[HTTP][39m [90m{}[39m
[35m[W3C (11cf19d1)][39m Driver proxy active, passing request on via HTTP proxy
[35m[WD Proxy][39m Replacing sessionId 7e4b5b5b-3a47-413d-a408-2c60eafcc1df with 11cf19d1-7adf-48fc-b300-d5b0fd1141bc
[35m[HTTP][39m [37m<-- GET /wd/hub/session/11cf19d1-7adf-48fc-b300-d5b0fd1141bc/source [39m[32m200[39m [90m63 ms - 21991[39m
[35m[HTTP][39m [90m[39m
[35m[HTTP][39m [37m-->[39m [37mGET[39m [37m/wd/hub/session/11cf19d1-7adf-48fc-b300-d5b0fd1141bc/screenshot[39m
[35m[HTTP][39m [90m{}[39m
[35m[HTTP][39m [37m<-- GET /wd/hub/session/11cf19d1-7adf-48fc-b300-d5b0fd1141bc/screenshot [39m[32m200[39m [90m348 ms - 162344[39m
[35m[HTTP][39m [90m[39m
[35m[HTTP][39m [37m-->[39m [37mPOST[39m [37m/wd/hub/session/11cf19d1-7adf-48fc-b300-d5b0fd1141bc/elements[39m
[35m[HTTP][39m [90m{"using":"xpath","value":"//*[@class = 'android.widget.ImageButton' and (@text = '' or . = '')]"}[39m
[35m[HTTP][39m [37m<-- POST /wd/hub/session/11cf19d1-7adf-48fc-b300-d5b0fd1141bc/elements [39m[32m200[39m [90m73 ms - 139[39m
[35m[HTTP][39m [90m[39m
[35m[HTTP][39m [37m-->[39m [37mGET[39m [37m/wd/hub/session/11cf19d1-7adf-48fc-b300-d5b0fd1141bc/window/rect[39m
[35m[HTTP][39m [90m{}[39m
[35m[HTTP][39m [37m<-- GET /wd/hub/session/11cf19d1-7adf-48fc-b300-d5b0fd1141bc/window/rect [39m[32m200[39m [90m11 ms - 50[39m
[35m[HTTP][39m [90m[39m
[35m[HTTP][39m [37m-->[39m [37mPOST[39m [37m/wd/hub/session/11cf19d1-7adf-48fc-b300-d5b0fd1141bc/elements[39m
[35m[HTTP][39m [90m{"using":"xpath","value":"//*[@class = 'android.widget.ImageButton' and (@text = '' or . = '')]"}[39m
[35m[HTTP][39m [37m<-- POST /wd/hub/session/11cf19d1-7adf-48fc-b300-d5b0fd1141bc/elements [39m[32m200[39m [90m64 ms - 139[39m
[35m[HTTP][39m [90m[39m
[35m[HTTP][39m [37m-->[39m [37mGET[39m [37m/wd/hub/session/11cf19d1-7adf-48fc-b300-d5b0fd1141bc/element/00000000-0000-001c-ffff-ffff000000f5/location[39m
[35m[HTTP][39m [90m{}[39m
[35m[W3C (11cf19d1)][39m Driver proxy active, passing request on via HTTP proxy
[35m[WD Proxy][39m Replacing sessionId 7e4b5b5b-3a47-413d-a408-2c60eafcc1df with 11cf19d1-7adf-48fc-b300-d5b0fd1141bc
[35m[HTTP][39m [37m<-- GET /wd/hub/session/11cf19d1-7adf-48fc-b300-d5b0fd1141bc/element/00000000-0000-001c-ffff-ffff000000f5/location [39m[32m200[39m [90m15 ms - 76[39m
[35m[HTTP][39m [90m[39m
[35m[HTTP][39m [37m-->[39m [37mPOST[39m [37m/wd/hub/session/11cf19d1-7adf-48fc-b300-d5b0fd1141bc/element/00000000-0000-001c-ffff-ffff000000f5/click[39m
[35m[HTTP][39m [90m{"id":"00000000-0000-001c-ffff-ffff000000f5"}[39m
[35m[HTTP][39m [37m<-- POST /wd/hub/session/11cf19d1-7adf-48fc-b300-d5b0fd1141bc/element/00000000-0000-001c-ffff-ffff000000f5/click [39m[32m200[39m [90m36 ms - 14[39m
[35m[HTTP][39m [90m[39m
[35m[HTTP][39m [37m-->[39m [37mGET[39m [37m/wd/hub/session/11cf19d1-7adf-48fc-b300-d5b0fd1141bc/source[39m
[35m[HTTP][39m [90m{}[39m
[35m[W3C (11cf19d1)][39m Driver proxy active, passing request on via HTTP proxy
[35m[WD Proxy][39m Replacing sessionId 7e4b5b5b-3a47-413d-a408-2c60eafcc1df with 11cf19d1-7adf-48fc-b300-d5b0fd1141bc
[35m[HTTP][39m [37m<-- GET /wd/hub/session/11cf19d1-7adf-48fc-b300-d5b0fd1141bc/source [39m[32m200[39m [90m641 ms - 34072[39m
[35m[HTTP][39m [90m[39m
[35m[HTTP][39m [37m-->[39m [37mGET[39m [37m/wd/hub/session/11cf19d1-7adf-48fc-b300-d5b0fd1141bc/screenshot[39m
[35m[HTTP][39m [90m{}[39m
[35m[HTTP][39m [37m<-- GET /wd/hub/session/11cf19d1-7adf-48fc-b300-d5b0fd1141bc/screenshot [39m[32m200[39m [90m312 ms - 315092[39m
[35m[HTTP][39m [90m[39m
[35m[HTTP][39m [37m-->[39m [37mPOST[39m [37m/wd/hub/session/11cf19d1-7adf-48fc-b300-d5b0fd1141bc/elements[39m
[35m[HTTP][39m [90m{"using":"xpath","value":"//*[@class = 'android.widget.TextView' and (@text = 'Privacy' or . = 'Privacy') and @resource-id = 'android:id/title']"}[39m
[35m[HTTP][39m [37m<-- POST /wd/hub/session/11cf19d1-7adf-48fc-b300-d5b0fd1141bc/elements [39m[32m200[39m [90m62 ms - 139[39m
[35m[HTTP][39m [90m[39m
[35m[HTTP][39m [37m-->[39m [37mGET[39m [37m/wd/hub/session/11cf19d1-7adf-48fc-b300-d5b0fd1141bc/window/rect[39m
[35m[HTTP][39m [90m{}[39m
[35m[HTTP][39m [37m<-- GET /wd/hub/session/11cf19d1-7adf-48fc-b300-d5b0fd1141bc/window/rect [39m[32m200[39m [90m9 ms - 50[39m
[35m[HTTP][39m [90m[39m
[35m[HTTP][39m [37m-->[39m [37mPOST[39m [37m/wd/hub/session/11cf19d1-7adf-48fc-b300-d5b0fd1141bc/elements[39m
[35m[HTTP][39m [90m{"using":"xpath","value":"//*[@class = 'android.widget.TextView' and (@text = 'Privacy' or . = 'Privacy') and @resource-id = 'android:id/title']"}[39m
[35m[HTTP][39m [37m<-- POST /wd/hub/session/11cf19d1-7adf-48fc-b300-d5b0fd1141bc/elements [39m[32m200[39m [90m121 ms - 139[39m
[35m[HTTP][39m [90m[39m
[35m[HTTP][39m [37m-->[39m [37mGET[39m [37m/wd/hub/session/11cf19d1-7adf-48fc-b300-d5b0fd1141bc/element/00000000-0000-001a-ffff-ffff00000055/location[39m
[35m[HTTP][39m [90m{}[39m
[35m[W3C (11cf19d1)][39m Driver proxy active, passing request on via HTTP proxy
[35m[WD Proxy][39m Replacing sessionId 7e4b5b5b-3a47-413d-a408-2c60eafcc1df with 11cf19d1-7adf-48fc-b300-d5b0fd1141bc
[35m[HTTP][39m [37m<-- GET /wd/hub/session/11cf19d1-7adf-48fc-b300-d5b0fd1141bc/element/00000000-0000-001a-ffff-ffff00000055/location [39m[32m200[39m [90m13 ms - 79[39m
[35m[HTTP][39m [90m[39m
[35m[HTTP][39m [37m-->[39m [37mPOST[39m [37m/wd/hub/session/11cf19d1-7adf-48fc-b300-d5b0fd1141bc/element/00000000-0000-001a-ffff-ffff00000055/click[39m
[35m[HTTP][39m [90m{"id":"00000000-0000-001a-ffff-ffff00000055"}[39m
[35m[HTTP][39m [37m<-- POST /wd/hub/session/11cf19d1-7adf-48fc-b300-d5b0fd1141bc/element/00000000-0000-001a-ffff-ffff00000055/click [39m[32m200[39m [90m54 ms - 14[39m
[35m[HTTP][39m [90m[39m
[35m[HTTP][39m [37m-->[39m [37mGET[39m [37m/wd/hub/session/11cf19d1-7adf-48fc-b300-d5b0fd1141bc/source[39m
[35m[HTTP][39m [90m{}[39m
[35m[W3C (11cf19d1)][39m Driver proxy active, passing request on via HTTP proxy
[35m[WD Proxy][39m Replacing sessionId 7e4b5b5b-3a47-413d-a408-2c60eafcc1df with 11cf19d1-7adf-48fc-b300-d5b0fd1141bc
[35m[HTTP][39m [37m<-- GET /wd/hub/session/11cf19d1-7adf-48fc-b300-d5b0fd1141bc/source [39m[32m200[39m [90m234 ms - 18404[39m
[35m[HTTP][39m [90m[39m
[35m[HTTP][39m [37m-->[39m [37mGET[39m [37m/wd/hub/session/11cf19d1-7adf-48fc-b300-d5b0fd1141bc/screenshot[39m
[35m[HTTP][39m [90m{}[39m
[35m[HTTP][39m [37m<-- GET /wd/hub/session/11cf19d1-7adf-48fc-b300-d5b0fd1141bc/screenshot [39m[32m200[39m [90m361 ms - 199000[39m
[35m[HTTP][39m [90m[39m
[35m[HTTP][39m [37m-->[39m [37mPOST[39m [37m/wd/hub/session/11cf19d1-7adf-48fc-b300-d5b0fd1141bc/elements[39m
[35m[HTTP][39m [90m{"using":"xpath","value":"//*[@class = 'android.widget.TextView' and (@text = 'Permission manager' or . = 'Permission manager') and @resource-id = 'android:id/title']"}[39m
[35m[HTTP][39m [37m<-- POST /wd/hub/session/11cf19d1-7adf-48fc-b300-d5b0fd1141bc/elements [39m[32m200[39m [90m50 ms - 139[39m
[35m[HTTP][39m [90m[39m
[35m[HTTP][39m [37m-->[39m [37mGET[39m [37m/wd/hub/session/11cf19d1-7adf-48fc-b300-d5b0fd1141bc/window/rect[39m
[35m[HTTP][39m [90m{}[39m
[35m[HTTP][39m [37m<-- GET /wd/hub/session/11cf19d1-7adf-48fc-b300-d5b0fd1141bc/window/rect [39m[32m200[39m [90m13 ms - 50[39m
[35m[HTTP][39m [90m[39m
[35m[HTTP][39m [37m-->[39m [37mPOST[39m [37m/wd/hub/session/11cf19d1-7adf-48fc-b300-d5b0fd1141bc/elements[39m
[35m[HTTP][39m [90m{"using":"xpath","value":"//*[@class = 'android.widget.TextView' and (@text = 'Permission manager' or . = 'Permission manager') and @resource-id = 'android:id/title']"}[39m
[35m[HTTP][39m [37m<-- POST /wd/hub/session/11cf19d1-7adf-48fc-b300-d5b0fd1141bc/elements [39m[32m200[39m [90m52 ms - 139[39m
[35m[HTTP][39m [90m[39m
[35m[HTTP][39m [37m-->[39m [37mGET[39m [37m/wd/hub/session/11cf19d1-7adf-48fc-b300-d5b0fd1141bc/element/00000000-0000-001d-ffff-ffff00000171/location[39m
[35m[HTTP][39m [90m{}[39m
[35m[W3C (11cf19d1)][39m Driver proxy active, passing request on via HTTP proxy
[35m[WD Proxy][39m Replacing sessionId 7e4b5b5b-3a47-413d-a408-2c60eafcc1df with 11cf19d1-7adf-48fc-b300-d5b0fd1141bc
[35m[HTTP][39m [37m<-- GET /wd/hub/session/11cf19d1-7adf-48fc-b300-d5b0fd1141bc/element/00000000-0000-001d-ffff-ffff00000171/location [39m[32m200[39m [90m17 ms - 78[39m
[35m[HTTP][39m [90m[39m
[35m[HTTP][39m [37m-->[39m [37mPOST[39m [37m/wd/hub/session/11cf19d1-7adf-48fc-b300-d5b0fd1141bc/element/00000000-0000-001d-ffff-ffff00000171/click[39m
[35m[HTTP][39m [90m{"id":"00000000-0000-001d-ffff-ffff00000171"}[39m
[35m[HTTP][39m [37m<-- POST /wd/hub/session/11cf19d1-7adf-48fc-b300-d5b0fd1141bc/element/00000000-0000-001d-ffff-ffff00000171/click [39m[32m200[39m [90m42 ms - 14[39m
[35m[HTTP][39m [90m[39m
[35m[HTTP][39m [37m-->[39m [37mGET[39m [37m/wd/hub/session/11cf19d1-7adf-48fc-b300-d5b0fd1141bc/source[39m
[35m[HTTP][39m [90m{}[39m
[35m[W3C (11cf19d1)][39m Driver proxy active, passing request on via HTTP proxy
[35m[WD Proxy][39m Replacing sessionId 7e4b5b5b-3a47-413d-a408-2c60eafcc1df with 11cf19d1-7adf-48fc-b300-d5b0fd1141bc
[35m[HTTP][39m [37m<-- GET /wd/hub/session/11cf19d1-7adf-48fc-b300-d5b0fd1141bc/source [39m[32m200[39m [90m37 ms - 18404[39m
[35m[HTTP][39m [90m[39m
[35m[HTTP][39m [37m-->[39m [37mGET[39m [37m/wd/hub/session/11cf19d1-7adf-48fc-b300-d5b0fd1141bc/screenshot[39m
[35m[HTTP][39m [90m{}[39m
[35m[HTTP][39m [37m<-- GET /wd/hub/session/11cf19d1-7adf-48fc-b300-d5b0fd1141bc/screenshot [39m[32m200[39m [90m371 ms - 199000[39m
[35m[HTTP][39m [90m[39m
[35m[HTTP][39m [37m-->[39m [37mPOST[39m [37m/wd/hub/session/11cf19d1-7adf-48fc-b300-d5b0fd1141bc/elements[39m
[35m[HTTP][39m [90m{"using":"xpath","value":"//*[@class = 'android.widget.Switch' and @resource-id = 'android:id/switch_widget' and (@text = '' or . = '')]"}[39m
[35m[HTTP][39m [37m<-- POST /wd/hub/session/11cf19d1-7adf-48fc-b300-d5b0fd1141bc/elements [39m[32m200[39m [90m60062 ms - 12[39m
[35m[HTTP][39m [90m[39m
[35m[HTTP][39m [37m-->[39m [37mPOST[39m [37m/wd/hub/session/11cf19d1-7adf-48fc-b300-d5b0fd1141bc/elements[39m
[35m[HTTP][39m [90m{"using":"id","value":"android:id/switch_widget"}[39m
[35m[HTTP][39m [37m<-- POST /wd/hub/session/11cf19d1-7adf-48fc-b300-d5b0fd1141bc/elements [39m[32m200[39m [90m60032 ms - 12[39m
[35m[HTTP][39m [90m[39m
[35m[HTTP][39m [37m-->[39m [37mPOST[39m [37m/wd/hub/session/11cf19d1-7adf-48fc-b300-d5b0fd1141bc/elements[39m
[35m[HTTP][39m [90m{"using":"-android uiautomator","value":"new UiSelector().className(\"android.widget.Switch\").resourceId(\"android:id/switch_widget\")"}[39m
[35m[HTTP][39m [37m<-- POST /wd/hub/session/11cf19d1-7adf-48fc-b300-d5b0fd1141bc/elements [39m[32m200[39m [90m60049 ms - 12[39m
[35m[HTTP][39m [90m[39m
[35m[HTTP][39m [37m-->[39m [37mGET[39m [37m/wd/hub/session/11cf19d1-7adf-48fc-b300-d5b0fd1141bc/window/rect[39m
[35m[HTTP][39m [90m{}[39m
[35m[HTTP][39m [37m<-- GET /wd/hub/session/11cf19d1-7adf-48fc-b300-d5b0fd1141bc/window/rect [39m[32m200[39m [90m9 ms - 50[39m
[35m[HTTP][39m [90m[39m
[35m[HTTP][39m [37m-->[39m [37mPOST[39m [37m/wd/hub/session/11cf19d1-7adf-48fc-b300-d5b0fd1141bc/elements[39m
[35m[HTTP][39m [90m{"using":"xpath","value":"//hierarchy/android.widget.FrameLayout[1]/android.widget.LinearLayout[1]/android.widget.FrameLayout[1]/android.widget.LinearLayout[1]/android.widget.FrameLayout[1]/android.widget.LinearLayout[1]/android.widget.FrameLayout[1]/android.widget.LinearLayout[1]/android.widget.FrameLayout[1]/androidx.recyclerview.widget.RecyclerView[1]/android.widget.LinearLayout[2]/android.widget.LinearLayout[1]/android.widget.Switch[1]"}[39m
[35m[HTTP][39m [37m<-- POST /wd/hub/session/11cf19d1-7adf-48fc-b300-d5b0fd1141bc/elements [39m[32m200[39m [90m60049 ms - 12[39m
[35m[HTTP][39m [90m[39m
[35m[HTTP][39m [37m-->[39m [37mDELETE[39m [37m/wd/hub/session/11cf19d1-7adf-48fc-b300-d5b0fd1141bc[39m
[35m[HTTP][39m [90m{}[39m
[35m[Appium][39m Removing session 11cf19d1-7adf-48fc-b300-d5b0fd1141bc from our master session list
[35m[UiAutomator2][39m Did not get confirmation UiAutomator2 deleteSession worked; Error was: UnknownError: An unknown server-side error occurred while processing the command. Original error: 'DELETE /' cannot be proxied to UiAutomator2 server because the instrumentation process is not running (probably crashed). Check the server log and/or the logcat output for more details
[35m[UiAutomator2][39m Restoring hidden api policy to the device default configuration
[35m[HTTP][39m [37m<-- DELETE /wd/hub/session/11cf19d1-7adf-48fc-b300-d5b0fd1141bc [39m[32m200[39m [90m389 ms - 14[39m
[35m[HTTP][39m [90m[39m
